# JRE version: OpenJDK Runtime Environment Temurin-21.0.10+7 (21.0.10+7) (build 21.0.10+7-LTS)
# Java VM: OpenJDK 64-Bit Server VM Temurin-21.0.10+7 (21.0.10+7-LTS, mixed mode, sharing, tiered, compressed oops, compressed class ptrs, parallel gc, windows-amd64)
GC Precious Log:
 CardTable entry size: 512
 CPUs: 12 total, 12 available
 Memory: 15709M
 Large Page Support: Disabled
 NUMA Support: Disabled
 Compressed Oops: Enabled (32-bit)
 Alignments: Space 512K, Generation 512K, Heap 2M
 Heap Min Capacity: 100M
 Heap Initial Capacity: 100M
 Heap Max Capacity: 2G
 Pre-touch: Disabled
 Parallel Workers: 10
Heap:
 PSYoungGen      total 5120K, used 5088K [0x00000000d5580000, 0x00000000d5b80000, 0x0000000100000000)
  eden space 4096K, 99% used [0x00000000d5580000,0x00000000d597f628,0x00000000d5980000)
  from space 1024K, 97% used [0x00000000d5a80000,0x00000000d5b78c00,0x00000000d5b80000)
  to   space 1024K, 31% used [0x00000000d5980000,0x00000000d59d0000,0x00000000d5a80000)
 ParOldGen       total 595456K, used 524310K [0x0000000080000000, 0x00000000a4580000, 0x00000000d5580000)
  object space 595456K, 88% used [0x0000000080000000,0x00000000a00059f8,0x00000000a4580000)
 Metaspace       used 76007K, committed 77632K, reserved 1179648K
  class space    used 7833K, committed 8576K, reserved 1048576K
GC Heap History (20 events):
Event: 73.871 GC heap before
{Heap before GC invocations=1261 (full 4):
 PSYoungGen      total 5120K, used 4768K [0x00000000d5580000, 0x00000000d5b80000, 0x0000000100000000)
  eden space 4096K, 100% used [0x00000000d5580000,0x00000000d5980000,0x00000000d5980000)
  from space 1024K, 65% used [0x00000000d5a80000,0x00000000d5b28000,0x00000000d5b80000)
  to   space 1024K, 0% used [0x00000000d5980000,0x00000000d5980000,0x00000000d5a80000)
 ParOldGen       total 595456K, used 518533K [0x0000000080000000, 0x00000000a4580000, 0x00000000d5580000)
  object space 595456K, 87% used [0x0000000080000000,0x000000009fa616e0,0x00000000a4580000)
 Metaspace       used 76007K, committed 77632K, reserved 1179648K
  class space    used 7833K, committed 8576K, reserved 1048576K
}
Event: 73.874 GC heap after
{Heap after GC invocations=1261 (full 4):
 PSYoungGen      total 5120K, used 822K [0x00000000d5580000, 0x00000000d5b80000, 0x0000000100000000)
  eden space 4096K, 0% used [0x00000000d5580000,0x00000000d5580000,0x00000000d5980000)
  from space 1024K, 80% used [0x00000000d5980000,0x00000000d5a4d808,0x00000000d5a80000)
  to   space 1024K, 0% used [0x00000000d5a80000,0x00000000d5a80000,0x00000000d5b80000)
 ParOldGen       total 595456K, used 519053K [0x0000000080000000, 0x00000000a4580000, 0x00000000d5580000)
  object space 595456K, 87% used [0x0000000080000000,0x000000009fae36e0,0x00000000a4580000)
 Metaspace       used 76007K, committed 77632K, reserved 1179648K
  class space    used 7833K, committed 8576K, reserved 1048576K
}
Event: 73.886 GC heap before
{Heap before GC invocations=1262 (full 4):
 PSYoungGen      total 5120K, used 4918K [0x00000000d5580000, 0x00000000d5b80000, 0x0000000100000000)
  eden space 4096K, 100% used [0x00000000d5580000,0x00000000d5980000,0x00000000d5980000)
  from space 1024K, 80% used [0x00000000d5980000,0x00000000d5a4d808,0x00000000d5a80000)
  to   space 1024K, 0% used [0x00000000d5a80000,0x00000000d5a80000,0x00000000d5b80000)
 ParOldGen       total 595456K, used 519053K [0x0000000080000000, 0x00000000a4580000, 0x00000000d5580000)
  object space 595456K, 87% used [0x0000000080000000,0x000000009fae36e0,0x00000000a4580000)
 Metaspace       used 76007K, committed 77632K, reserved 1179648K
  class space    used 7833K, committed 8576K, reserved 1048576K
}
Event: 73.888 GC heap after
{Heap after GC invocations=1262 (full 4):
 PSYoungGen      total 5120K, used 736K [0x00000000d5580000, 0x00000000d5b80000, 0x0000000100000000)
  eden space 4096K, 0% used [0x00000000d5580000,0x00000000d5580000,0x00000000d5980000)
  from space 1024K, 71% used [0x00000000d5a80000,0x00000000d5b38000,0x00000000d5b80000)
  to   space 1024K, 0% used [0x00000000d5980000,0x00000000d5980000,0x00000000d5a80000)
 ParOldGen       total 595456K, used 519723K [0x0000000080000000, 0x00000000a4580000, 0x00000000d5580000)
  object space 595456K, 87% used [0x0000000080000000,0x000000009fb8aee8,0x00000000a4580000)
 Metaspace       used 76007K, committed 77632K, reserved 1179648K
  class space    used 7833K, committed 8576K, reserved 1048576K
}
Event: 73.901 GC heap before
{Heap before GC invocations=1263 (full 4):
 PSYoungGen      total 5120K, used 4818K [0x00000000d5580000, 0x00000000d5b80000, 0x0000000100000000)
  eden space 4096K, 99% used [0x00000000d5580000,0x00000000d597cb48,0x00000000d5980000)
  from space 1024K, 71% used [0x00000000d5a80000,0x00000000d5b38000,0x00000000d5b80000)
  to   space 1024K, 0% used [0x00000000d5980000,0x00000000d5980000,0x00000000d5a80000)
 ParOldGen       total 595456K, used 519723K [0x0000000080000000, 0x00000000a4580000, 0x00000000d5580000)
  object space 595456K, 87% used [0x0000000080000000,0x000000009fb8aee8,0x00000000a4580000)
 Metaspace       used 76007K, committed 77632K, reserved 1179648K
  class space    used 7833K, committed 8576K, reserved 1048576K
}
Event: 73.903 GC heap after
{Heap after GC invocations=1263 (full 4):
 PSYoungGen      total 5120K, used 768K [0x00000000d5580000, 0x00000000d5b80000, 0x0000000100000000)
  eden space 4096K, 0% used [0x00000000d5580000,0x00000000d5580000,0x00000000d5980000)
  from space 1024K, 75% used [0x00000000d5980000,0x00000000d5a40000,0x00000000d5a80000)
  to   space 1024K, 0% used [0x00000000d5a80000,0x00000000d5a80000,0x00000000d5b80000)
 ParOldGen       total 595456K, used 520331K [0x0000000080000000, 0x00000000a4580000, 0x00000000d5580000)
  object space 595456K, 87% used [0x0000000080000000,0x000000009fc22ee8,0x00000000a4580000)
 Metaspace       used 76007K, committed 77632K, reserved 1179648K
  class space    used 7833K, committed 8576K, reserved 1048576K
}
Event: 73.918 GC heap before
{Heap before GC invocations=1264 (full 4):
 PSYoungGen      total 5120K, used 4821K [0x00000000d5580000, 0x00000000d5b80000, 0x0000000100000000)
  eden space 4096K, 98% used [0x00000000d5580000,0x00000000d5975528,0x00000000d5980000)
  from space 1024K, 75% used [0x00000000d5980000,0x00000000d5a40000,0x00000000d5a80000)
  to   space 1024K, 0% used [0x00000000d5a80000,0x00000000d5a80000,0x00000000d5b80000)
 ParOldGen       total 595456K, used 520331K [0x0000000080000000, 0x00000000a4580000, 0x00000000d5580000)
  object space 595456K, 87% used [0x0000000080000000,0x000000009fc22ee8,0x00000000a4580000)
 Metaspace       used 76007K, committed 77632K, reserved 1179648K
  class space    used 7833K, committed 8576K, reserved 1048576K
}
Event: 73.920 GC heap after
{Heap after GC invocations=1264 (full 4):
 PSYoungGen      total 5120K, used 704K [0x00000000d5580000, 0x00000000d5b80000, 0x0000000100000000)
  eden space 4096K, 0% used [0x00000000d5580000,0x00000000d5580000,0x00000000d5980000)
  from space 1024K, 68% used [0x00000000d5a80000,0x00000000d5b30000,0x00000000d5b80000)
  to   space 1024K, 0% used [0x00000000d5980000,0x00000000d5980000,0x00000000d5a80000)
 ParOldGen       total 595456K, used 520971K [0x0000000080000000, 0x00000000a4580000, 0x00000000d5580000)
  object space 595456K, 87% used [0x0000000080000000,0x000000009fcc2ee8,0x00000000a4580000)
 Metaspace       used 76007K, committed 77632K, reserved 1179648K
  class space    used 7833K, committed 8576K, reserved 1048576K
}
Event: 73.934 GC heap before
{Heap before GC invocations=1265 (full 4):
 PSYoungGen      total 5120K, used 4800K [0x00000000d5580000, 0x00000000d5b80000, 0x0000000100000000)
  eden space 4096K, 100% used [0x00000000d5580000,0x00000000d5980000,0x00000000d5980000)
  from space 1024K, 68% used [0x00000000d5a80000,0x00000000d5b30000,0x00000000d5b80000)
  to   space 1024K, 0% used [0x00000000d5980000,0x00000000d5980000,0x00000000d5a80000)
 ParOldGen       total 595456K, used 520971K [0x0000000080000000, 0x00000000a4580000, 0x00000000d5580000)
  object space 595456K, 87% used [0x0000000080000000,0x000000009fcc2ee8,0x00000000a4580000)
 Metaspace       used 76007K, committed 77632K, reserved 1179648K
  class space    used 7833K, committed 8576K, reserved 1048576K
}
Event: 73.937 GC heap after
{Heap after GC invocations=1265 (full 4):
 PSYoungGen      total 5120K, used 716K [0x00000000d5580000, 0x00000000d5b80000, 0x0000000100000000)
  eden space 4096K, 0% used [0x00000000d5580000,0x00000000d5580000,0x00000000d5980000)
  from space 1024K, 69% used [0x00000000d5980000,0x00000000d5a33008,0x00000000d5a80000)
  to   space 1024K, 0% used [0x00000000d5a80000,0x00000000d5a80000,0x00000000d5b80000)
 ParOldGen       total 595456K, used 521507K [0x0000000080000000, 0x00000000a4580000, 0x00000000d5580000)
  object space 595456K, 87% used [0x0000000080000000,0x000000009fd48ee8,0x00000000a4580000)
 Metaspace       used 76007K, committed 77632K, reserved 1179648K
  class space    used 7833K, committed 8576K, reserved 1048576K
}
Event: 73.950 GC heap before
{Heap before GC invocations=1266 (full 4):
 PSYoungGen      total 5120K, used 4812K [0x00000000d5580000, 0x00000000d5b80000, 0x0000000100000000)
  eden space 4096K, 100% used [0x00000000d5580000,0x00000000d5980000,0x00000000d5980000)
  from space 1024K, 69% used [0x00000000d5980000,0x00000000d5a33008,0x00000000d5a80000)
  to   space 1024K, 0% used [0x00000000d5a80000,0x00000000d5a80000,0x00000000d5b80000)
 ParOldGen       total 595456K, used 521507K [0x0000000080000000, 0x00000000a4580000, 0x00000000d5580000)
  object space 595456K, 87% used [0x0000000080000000,0x000000009fd48ee8,0x00000000a4580000)
 Metaspace       used 76007K, committed 77632K, reserved 1179648K
  class space    used 7833K, committed 8576K, reserved 1048576K
}
Event: 73.952 GC heap after
{Heap after GC invocations=1266 (full 4):
 PSYoungGen      total 5120K, used 608K [0x00000000d5580000, 0x00000000d5b80000, 0x0000000100000000)
  eden space 4096K, 0% used [0x00000000d5580000,0x00000000d5580000,0x00000000d5980000)
  from space 1024K, 59% used [0x00000000d5a80000,0x00000000d5b18000,0x00000000d5b80000)
  to   space 1024K, 0% used [0x00000000d5980000,0x00000000d5980000,0x00000000d5a80000)
 ParOldGen       total 595456K, used 522143K [0x0000000080000000, 0x00000000a4580000, 0x00000000d5580000)
  object space 595456K, 87% used [0x0000000080000000,0x000000009fde7ef0,0x00000000a4580000)
 Metaspace       used 76007K, committed 77632K, reserved 1179648K
  class space    used 7833K, committed 8576K, reserved 1048576K
}
Event: 73.967 GC heap before
{Heap before GC invocations=1267 (full 4):
 PSYoungGen      total 5120K, used 4704K [0x00000000d5580000, 0x00000000d5b80000, 0x0000000100000000)
  eden space 4096K, 100% used [0x00000000d5580000,0x00000000d5980000,0x00000000d5980000)
  from space 1024K, 59% used [0x00000000d5a80000,0x00000000d5b18000,0x00000000d5b80000)
  to   space 1024K, 0% used [0x00000000d5980000,0x00000000d5980000,0x00000000d5a80000)
 ParOldGen       total 595456K, used 522143K [0x0000000080000000, 0x00000000a4580000, 0x00000000d5580000)
  object space 595456K, 87% used [0x0000000080000000,0x000000009fde7ef0,0x00000000a4580000)
 Metaspace       used 76007K, committed 77632K, reserved 1179648K
  class space    used 7833K, committed 8576K, reserved 1048576K
}
Event: 73.969 GC heap after
{Heap after GC invocations=1267 (full 4):
 PSYoungGen      total 5120K, used 544K [0x00000000d5580000, 0x00000000d5b80000, 0x0000000100000000)
  eden space 4096K, 0% used [0x00000000d5580000,0x00000000d5580000,0x00000000d5980000)
  from space 1024K, 53% used [0x00000000d5980000,0x00000000d5a08000,0x00000000d5a80000)
  to   space 1024K, 0% used [0x00000000d5a80000,0x00000000d5a80000,0x00000000d5b80000)
 ParOldGen       total 595456K, used 522647K [0x0000000080000000, 0x00000000a4580000, 0x00000000d5580000)
  object space 595456K, 87% used [0x0000000080000000,0x000000009fe65ef0,0x00000000a4580000)
 Metaspace       used 76007K, committed 77632K, reserved 1179648K
  class space    used 7833K, committed 8576K, reserved 1048576K
}
Event: 73.982 GC heap before
{Heap before GC invocations=1268 (full 4):
 PSYoungGen      total 5120K, used 4640K [0x00000000d5580000, 0x00000000d5b80000, 0x0000000100000000)
  eden space 4096K, 100% used [0x00000000d5580000,0x00000000d5980000,0x00000000d5980000)
  from space 1024K, 53% used [0x00000000d5980000,0x00000000d5a08000,0x00000000d5a80000)
  to   space 1024K, 0% used [0x00000000d5a80000,0x00000000d5a80000,0x00000000d5b80000)
 ParOldGen       total 595456K, used 522647K [0x0000000080000000, 0x00000000a4580000, 0x00000000d5580000)
  object space 595456K, 87% used [0x0000000080000000,0x000000009fe65ef0,0x00000000a4580000)
 Metaspace       used 76007K, committed 77632K, reserved 1179648K
  class space    used 7833K, committed 8576K, reserved 1048576K
}
Event: 73.984 GC heap after
{Heap after GC invocations=1268 (full 4):
 PSYoungGen      total 5120K, used 608K [0x00000000d5580000, 0x00000000d5b80000, 0x0000000100000000)
  eden space 4096K, 0% used [0x00000000d5580000,0x00000000d5580000,0x00000000d5980000)
  from space 1024K, 59% used [0x00000000d5a80000,0x00000000d5b18000,0x00000000d5b80000)
  to   space 1024K, 0% used [0x00000000d5980000,0x00000000d5980000,0x00000000d5a80000)
 ParOldGen       total 595456K, used 523087K [0x0000000080000000, 0x00000000a4580000, 0x00000000d5580000)
  object space 595456K, 87% used [0x0000000080000000,0x000000009fed3ef0,0x00000000a4580000)
 Metaspace       used 76007K, committed 77632K, reserved 1179648K
  class space    used 7833K, committed 8576K, reserved 1048576K
}
Event: 73.998 GC heap before
{Heap before GC invocations=1269 (full 4):
 PSYoungGen      total 5120K, used 4704K [0x00000000d5580000, 0x00000000d5b80000, 0x0000000100000000)
  eden space 4096K, 100% used [0x00000000d5580000,0x00000000d5980000,0x00000000d5980000)
  from space 1024K, 59% used [0x00000000d5a80000,0x00000000d5b18000,0x00000000d5b80000)
  to   space 1024K, 0% used [0x00000000d5980000,0x00000000d5980000,0x00000000d5a80000)
 ParOldGen       total 595456K, used 523087K [0x0000000080000000, 0x00000000a4580000, 0x00000000d5580000)
  object space 595456K, 87% used [0x0000000080000000,0x000000009fed3ef0,0x00000000a4580000)
 Metaspace       used 76007K, committed 77632K, reserved 1179648K
  class space    used 7833K, committed 8576K, reserved 1048576K
}
Event: 74.000 GC heap after
{Heap after GC invocations=1269 (full 4):
 PSYoungGen      total 5120K, used 576K [0x00000000d5580000, 0x00000000d5b80000, 0x0000000100000000)
  eden space 4096K, 0% used [0x00000000d5580000,0x00000000d5580000,0x00000000d5980000)
  from space 1024K, 56% used [0x00000000d5980000,0x00000000d5a10000,0x00000000d5a80000)
  to   space 1024K, 0% used [0x00000000d5a80000,0x00000000d5a80000,0x00000000d5b80000)
 ParOldGen       total 595456K, used 523527K [0x0000000080000000, 0x00000000a4580000, 0x00000000d5580000)
  object space 595456K, 87% used [0x0000000080000000,0x000000009ff41ef0,0x00000000a4580000)
 Metaspace       used 76007K, committed 77632K, reserved 1179648K
  class space    used 7833K, committed 8576K, reserved 1048576K
}
Event: 74.021 GC heap before
{Heap before GC invocations=1270 (full 4):
 PSYoungGen      total 5120K, used 4672K [0x00000000d5580000, 0x00000000d5b80000, 0x0000000100000000)
  eden space 4096K, 100% used [0x00000000d5580000,0x00000000d5980000,0x00000000d5980000)
  from space 1024K, 56% used [0x00000000d5980000,0x00000000d5a10000,0x00000000d5a80000)
  to   space 1024K, 0% used [0x00000000d5a80000,0x00000000d5a80000,0x00000000d5b80000)
 ParOldGen       total 595456K, used 523527K [0x0000000080000000, 0x00000000a4580000, 0x00000000d5580000)
  object space 595456K, 87% used [0x0000000080000000,0x000000009ff41ef0,0x00000000a4580000)
 Metaspace       used 76007K, committed 77632K, reserved 1179648K
  class space    used 7833K, committed 8576K, reserved 1048576K
}
Event: 74.024 GC heap after
{Heap after GC invocations=1270 (full 4):
 PSYoungGen      total 5120K, used 995K [0x00000000d5580000, 0x00000000d5b80000, 0x0000000100000000)
  eden space 4096K, 0% used [0x00000000d5580000,0x00000000d5580000,0x00000000d5980000)
  from space 1024K, 97% used [0x00000000d5a80000,0x00000000d5b78c00,0x00000000d5b80000)
  to   space 1024K, 0% used [0x00000000d5980000,0x00000000d5980000,0x00000000d5a80000)
 ParOldGen       total 595456K, used 523951K [0x0000000080000000, 0x00000000a4580000, 0x00000000d5580000)
  object space 595456K, 87% used [0x0000000080000000,0x000000009ffabef0,0x00000000a4580000)
 Metaspace       used 76007K, committed 77632K, reserved 1179648K
  class space    used 7833K, committed 8576K, reserved 1048576K
}

